TN:
SF:src\components\ConfirmModal.jsx
FN:38,ConfirmModal
FN:52,(anonymous_1)
FN:59,(anonymous_2)
FN:61,(anonymous_3)
FN:65,(anonymous_4)
FN:77,(anonymous_5)
FNF:6
FNH:0
FNDA:0,ConfirmModal
FNDA:0,(anonymous_1)
FNDA:0,(anonymous_2)
FNDA:0,(anonymous_3)
FNDA:0,(anonymous_4)
FNDA:0,(anonymous_5)
DA:5,0
DA:48,0
DA:49,0
DA:52,0
DA:53,0
DA:54,0
DA:59,0
DA:60,0
DA:61,0
DA:62,0
DA:64,0
DA:65,0
DA:68,0
DA:70,0
DA:78,0
LF:15
LH:0
BRDA:40,0,0,0
BRDA:42,1,0,0
BRDA:43,2,0,0
BRDA:44,3,0,0
BRDA:49,4,0,0
BRDA:49,4,1,0
BRDA:53,5,0,0
BRDA:53,5,1,0
BRDA:60,6,0,0
BRDA:60,6,1,0
BRDA:62,7,0,0
BRDA:62,7,1,0
BRDA:68,8,0,0
BRDA:68,8,1,0
BRDA:78,9,0,0
BRDA:78,9,1,0
BRDA:91,10,0,0
BRDA:91,10,1,0
BRF:18
BRH:0
end_of_record
TN:
SF:src\components\FormField.jsx
FN:13,FormField
FNF:1
FNH:1
FNDA:1226,FormField
DA:14,1226
DA:16,1226
LF:2
LH:2
BRDA:14,0,0,1226
BRDA:14,0,1,337
BRDA:17,1,0,40
BRDA:17,1,1,1186
BRDA:24,2,0,40
BRDA:24,2,1,1186
BRDA:29,3,0,40
BRDA:29,3,1,1186
BRF:8
BRH:8
end_of_record
TN:
SF:src\components\Navbar.jsx
FN:23,(anonymous_0)
FN:31,UserAvatar
FN:41,RoleBadge
FN:52,Navbar
FN:73,(anonymous_4)
FN:80,(anonymous_5)
FNF:6
FNH:0
FNDA:0,(anonymous_0)
FNDA:0,UserAvatar
FNDA:0,RoleBadge
FNDA:0,Navbar
FNDA:0,(anonymous_4)
FNDA:0,(anonymous_5)
DA:3,0
DA:9,0
DA:15,0
DA:23,0
DA:24,0
DA:25,0
DA:26,0
DA:32,0
DA:42,0
DA:43,0
DA:59,0
DA:74,0
DA:75,0
DA:80,0
LF:14
LH:0
BRDA:24,0,0,0
BRDA:24,0,1,0
BRDA:24,1,0,0
BRDA:24,1,1,0
BRDA:25,2,0,0
BRDA:25,2,1,0
BRDA:25,3,0,0
BRDA:25,3,1,0
BRDA:42,4,0,0
BRDA:42,4,1,0
BRDA:44,5,0,0
BRDA:44,5,1,0
BRDA:45,6,0,0
BRDA:45,6,1,0
BRDA:53,7,0,0
BRDA:79,8,0,0
BRDA:79,8,1,0
BRDA:81,9,0,0
BRDA:81,9,1,0
BRDA:90,10,0,0
BRDA:90,10,1,0
BRDA:95,11,0,0
BRDA:95,11,1,0
BRF:23
BRH:0
end_of_record
TN:
SF:src\components\TableSkeleton.jsx
FN:3,SkeletonCell
FN:13,SkeletonRow
FN:18,(anonymous_2)
FN:34,TableSkeleton
FN:37,(anonymous_4)
FNF:5
FNH:0
FNDA:0,SkeletonCell
FNDA:0,SkeletonRow
FNDA:0,(anonymous_2)
FNDA:0,TableSkeleton
FNDA:0,(anonymous_4)
DA:4,0
DA:15,0
DA:16,0
DA:19,0
DA:35,0
DA:38,0
LF:6
LH:0
BRDA:3,0,0,0
BRDA:34,1,0,0
BRDA:34,2,0,0
BRF:3
BRH:0
end_of_record
TN:
SF:src\components\layout\BaseLayout.jsx
FN:1,(anonymous_0)
FN:3,LayoutContainer
FN:7,LayoutSection
FN:19,LayoutCard
FNF:4
FNH:3
FNDA:772,(anonymous_0)
FNDA:0,LayoutContainer
FNDA:386,LayoutSection
FNDA:386,LayoutCard
DA:1,772
DA:4,0
DA:8,386
DA:20,386
LF:4
LH:3
BRDA:12,0,0,0
BRDA:12,0,1,386
BRF:2
BRH:1
end_of_record
TN:
SF:src\hooks\useFieldValidation.js
FN:6,(anonymous_0)
FN:6,(anonymous_1)
FN:9,(anonymous_2)
FN:16,(anonymous_3)
FN:23,(anonymous_4)
FN:23,(anonymous_5)
FN:28,(anonymous_6)
FN:28,(anonymous_7)
FN:47,useFieldValidation
FN:53,(anonymous_9)
FN:64,(anonymous_10)
FN:77,(anonymous_11)
FN:83,(anonymous_12)
FN:90,(anonymous_13)
FNF:14
FNH:14
FNDA:1246,(anonymous_0)
FNDA:83,(anonymous_1)
FNDA:188,(anonymous_2)
FNDA:242,(anonymous_3)
FNDA:228,(anonymous_4)
FNDA:14,(anonymous_5)
FNDA:230,(anonymous_6)
FNDA:8,(anonymous_7)
FNDA:1245,useFieldValidation
FNDA:80,(anonymous_9)
FNDA:323,(anonymous_10)
FNDA:28,(anonymous_11)
FNDA:36,(anonymous_12)
FNDA:13,(anonymous_13)
DA:5,3
DA:6,1246
DA:7,83
DA:9,160
DA:10,28
DA:11,28
DA:16,228
DA:17,14
DA:18,14
DA:23,228
DA:24,14
DA:28,230
DA:29,8
DA:48,1245
DA:49,1245
DA:50,1245
DA:53,1245
DA:55,80
DA:56,128
DA:57,128
DA:59,42
DA:64,1245
DA:66,323
DA:67,323
DA:70,323
DA:71,16
DA:77,1245
DA:78,28
DA:79,28
DA:83,1245
DA:84,36
DA:85,36
DA:86,36
DA:87,36
DA:90,1245
DA:91,13
DA:92,13
DA:93,13
DA:96,1245
LF:39
LH:39
BRDA:7,0,0,21
BRDA:7,0,1,62
BRDA:11,1,0,18
BRDA:11,1,1,10
BRDA:11,2,0,28
BRDA:11,2,1,27
BRDA:18,3,0,2
BRDA:18,3,1,12
BRDA:18,4,0,14
BRDA:18,4,1,13
BRDA:24,5,0,2
BRDA:24,5,1,12
BRDA:24,6,0,14
BRDA:24,6,1,13
BRDA:29,7,0,2
BRDA:29,7,1,6
BRDA:29,8,0,8
BRDA:29,8,1,7
BRDA:47,9,0,1245
BRDA:57,10,0,38
BRDA:57,10,1,90
BRDA:70,11,0,16
BRDA:70,11,1,307
BRF:23
BRH:23
end_of_record
TN:
SF:src\pages\Asistencia.jsx
FN:15,Asistencia
FN:37,(anonymous_1)
FN:38,(anonymous_2)
FN:58,(anonymous_3)
FN:58,(anonymous_4)
FN:59,(anonymous_5)
FN:59,(anonymous_6)
FN:60,(anonymous_7)
FN:60,(anonymous_8)
FN:60,(anonymous_9)
FN:62,(anonymous_10)
FN:66,(anonymous_11)
FN:69,(anonymous_12)
FN:72,(anonymous_13)
FN:72,(anonymous_14)
FN:75,(anonymous_15)
FN:75,(anonymous_16)
FN:88,(anonymous_17)
FN:90,(anonymous_18)
FN:95,(anonymous_19)
FN:96,(anonymous_20)
FN:103,(anonymous_21)
FN:112,(anonymous_22)
FN:113,(anonymous_23)
FN:120,(anonymous_24)
FN:131,(anonymous_25)
FN:176,(anonymous_26)
FN:176,(anonymous_27)
FN:181,(anonymous_28)
FN:181,(anonymous_29)
FN:186,(anonymous_30)
FN:186,(anonymous_31)
FN:191,(anonymous_32)
FN:191,(anonymous_33)
FN:208,(anonymous_34)
FN:208,(anonymous_35)
FN:210,(anonymous_36)
FN:224,(anonymous_37)
FN:224,(anonymous_38)
FN:230,(anonymous_39)
FN:241,(anonymous_40)
FN:241,(anonymous_41)
FN:250,(anonymous_42)
FN:250,(anonymous_43)
FN:278,(anonymous_44)
FN:304,(anonymous_45)
FN:306,(anonymous_46)
FN:320,(anonymous_47)
FN:339,(anonymous_48)
FN:341,(anonymous_49)
FN:355,(anonymous_50)
FNF:51
FNH:0
FNDA:0,Asistencia
FNDA:0,(anonymous_1)
FNDA:0,(anonymous_2)
FNDA:0,(anonymous_3)
FNDA:0,(anonymous_4)
FNDA:0,(anonymous_5)
FNDA:0,(anonymous_6)
FNDA:0,(anonymous_7)
FNDA:0,(anonymous_8)
FNDA:0,(anonymous_9)
FNDA:0,(anonymous_10)
FNDA:0,(anonymous_11)
FNDA:0,(anonymous_12)
FNDA:0,(anonymous_13)
FNDA:0,(anonymous_14)
FNDA:0,(anonymous_15)
FNDA:0,(anonymous_16)
FNDA:0,(anonymous_17)
FNDA:0,(anonymous_18)
FNDA:0,(anonymous_19)
FNDA:0,(anonymous_20)
FNDA:0,(anonymous_21)
FNDA:0,(anonymous_22)
FNDA:0,(anonymous_23)
FNDA:0,(anonymous_24)
FNDA:0,(anonymous_25)
FNDA:0,(anonymous_26)
FNDA:0,(anonymous_27)
FNDA:0,(anonymous_28)
FNDA:0,(anonymous_29)
FNDA:0,(anonymous_30)
FNDA:0,(anonymous_31)
FNDA:0,(anonymous_32)
FNDA:0,(anonymous_33)
FNDA:0,(anonymous_34)
FNDA:0,(anonymous_35)
FNDA:0,(anonymous_36)
FNDA:0,(anonymous_37)
FNDA:0,(anonymous_38)
FNDA:0,(anonymous_39)
FNDA:0,(anonymous_40)
FNDA:0,(anonymous_41)
FNDA:0,(anonymous_42)
FNDA:0,(anonymous_43)
FNDA:0,(anonymous_44)
FNDA:0,(anonymous_45)
FNDA:0,(anonymous_46)
FNDA:0,(anonymous_47)
FNDA:0,(anonymous_48)
FNDA:0,(anonymous_49)
FNDA:0,(anonymous_50)
DA:7,0
DA:8,0
DA:13,0
DA:16,0
DA:17,0
DA:18,0
DA:19,0
DA:21,0
DA:24,0
DA:26,0
DA:29,0
DA:31,0
DA:32,0
DA:33,0
DA:34,0
DA:35,0
DA:37,0
DA:38,0
DA:39,0
DA:40,0
DA:41,0
DA:46,0
DA:47,0
DA:48,0
DA:50,0
DA:52,0
DA:55,0
DA:58,0
DA:59,0
DA:60,0
DA:62,0
DA:63,0
DA:64,0
DA:65,0
DA:66,0
DA:69,0
DA:70,0
DA:71,0
DA:72,0
DA:75,0
DA:76,0
DA:77,0
DA:78,0
DA:87,0
DA:88,0
DA:90,0
DA:91,0
DA:92,0
DA:93,0
DA:94,0
DA:95,0
DA:96,0
DA:97,0
DA:99,0
DA:103,0
DA:104,0
DA:105,0
DA:106,0
DA:107,0
DA:108,0
DA:110,0
DA:111,0
DA:112,0
DA:113,0
DA:114,0
DA:116,0
DA:120,0
DA:121,0
DA:122,0
DA:123,0
DA:124,0
DA:125,0
DA:126,0
DA:127,0
DA:128,0
DA:131,0
DA:132,0
DA:133,0
DA:134,0
DA:135,0
DA:136,0
DA:137,0
DA:138,0
DA:139,0
DA:142,0
DA:176,0
DA:181,0
DA:186,0
DA:191,0
DA:208,0
DA:211,0
DA:224,0
DA:231,0
DA:241,0
DA:250,0
DA:279,0
DA:304,0
DA:307,0
DA:321,0
DA:339,0
DA:342,0
DA:356,0
LF:102
LH:0
BRDA:63,0,0,0
BRDA:63,0,1,0
BRDA:65,1,0,0
BRDA:65,1,1,0
BRDA:70,2,0,0
BRDA:70,2,1,0
BRDA:76,3,0,0
BRDA:76,3,1,0
BRDA:77,4,0,0
BRDA:77,4,1,0
BRDA:80,5,0,0
BRDA:80,5,1,0
BRDA:81,6,0,0
BRDA:81,6,1,0
BRDA:82,7,0,0
BRDA:82,7,1,0
BRDA:83,8,0,0
BRDA:83,8,1,0
BRDA:99,9,0,0
BRDA:99,9,1,0
BRDA:106,10,0,0
BRDA:106,10,1,0
BRDA:106,11,0,0
BRDA:106,11,1,0
BRDA:116,12,0,0
BRDA:116,12,1,0
BRDA:123,13,0,0
BRDA:123,13,1,0
BRDA:134,14,0,0
BRDA:134,14,1,0
BRDA:150,15,0,0
BRDA:150,15,1,0
BRDA:154,16,0,0
BRDA:154,16,1,0
BRDA:158,17,0,0
BRDA:158,17,1,0
BRDA:170,18,0,0
BRDA:170,18,1,0
BRDA:171,19,0,0
BRDA:171,19,1,0
BRDA:199,20,0,0
BRDA:199,20,1,0
BRDA:199,20,2,0
BRDA:202,21,0,0
BRDA:202,21,1,0
BRDA:203,22,0,0
BRDA:203,22,1,0
BRDA:218,23,0,0
BRDA:218,23,1,0
BRDA:226,24,0,0
BRDA:226,24,1,0
BRDA:227,25,0,0
BRDA:227,25,1,0
BRDA:232,26,0,0
BRDA:232,26,1,0
BRDA:254,27,0,0
BRDA:254,27,1,0
BRDA:271,28,0,0
BRDA:271,28,1,0
BRDA:275,29,0,0
BRDA:275,29,1,0
BRDA:294,30,0,0
BRDA:294,30,1,0
BRDA:295,31,0,0
BRDA:295,31,1,0
BRDA:317,32,0,0
BRDA:317,32,1,0
BRDA:352,33,0,0
BRDA:352,33,1,0
BRF:69
BRH:0
end_of_record
TN:
SF:src\pages\Dashboard.jsx
FN:9,(anonymous_0)
FN:14,(anonymous_1)
FN:16,(anonymous_2)
FN:22,MetricCard
FN:34,ProgressBar
FN:59,RecentActivity
FN:74,(anonymous_6)
FN:90,CourseBreakdown
FN:97,(anonymous_8)
FN:98,(anonymous_9)
FN:112,Dashboard
FN:120,(anonymous_11)
FN:121,(anonymous_12)
FN:146,(anonymous_13)
FN:147,(anonymous_14)
FN:147,(anonymous_15)
FN:150,(anonymous_16)
FN:151,(anonymous_17)
FN:154,(anonymous_18)
FN:155,(anonymous_19)
FN:159,(anonymous_20)
FN:161,(anonymous_21)
FN:162,(anonymous_22)
FN:166,(anonymous_23)
FN:167,(anonymous_24)
FN:173,(anonymous_25)
FN:174,(anonymous_26)
FN:177,(anonymous_27)
FN:181,(anonymous_28)
FNF:29
FNH:0
FNDA:0,(anonymous_0)
FNDA:0,(anonymous_1)
FNDA:0,(anonymous_2)
FNDA:0,MetricCard
FNDA:0,ProgressBar
FNDA:0,RecentActivity
FNDA:0,(anonymous_6)
FNDA:0,CourseBreakdown
FNDA:0,(anonymous_8)
FNDA:0,(anonymous_9)
FNDA:0,Dashboard
FNDA:0,(anonymous_11)
FNDA:0,(anonymous_12)
FNDA:0,(anonymous_13)
FNDA:0,(anonymous_14)
FNDA:0,(anonymous_15)
FNDA:0,(anonymous_16)
FNDA:0,(anonymous_17)
FNDA:0,(anonymous_18)
FNDA:0,(anonymous_19)
FNDA:0,(anonymous_20)
FNDA:0,(anonymous_21)
FNDA:0,(anonymous_22)
FNDA:0,(anonymous_23)
FNDA:0,(anonymous_24)
FNDA:0,(anonymous_25)
FNDA:0,(anonymous_26)
FNDA:0,(anonymous_27)
FNDA:0,(anonymous_28)
DA:9,0
DA:10,0
DA:11,0
DA:14,0
DA:15,0
DA:16,0
DA:17,0
DA:23,0
DA:35,0
DA:36,0
DA:60,0
DA:61,0
DA:64,0
DA:75,0
DA:91,0
DA:92,0
DA:95,0
DA:98,0
DA:99,0
DA:113,0
DA:114,0
DA:115,0
DA:116,0
DA:117,0
DA:118,0
DA:120,0
DA:121,0
DA:122,0
DA:123,0
DA:130,0
DA:131,0
DA:132,0
DA:133,0
DA:134,0
DA:136,0
DA:138,0
DA:141,0
DA:146,0
DA:147,0
DA:150,0
DA:151,0
DA:154,0
DA:155,0
DA:158,0
DA:159,0
DA:161,0
DA:162,0
DA:163,0
DA:166,0
DA:167,0
DA:168,0
DA:171,0
DA:173,0
DA:174,0
DA:177,0
DA:178,0
DA:181,0
DA:190,0
DA:191,0
DA:192,0
DA:196,0
DA:197,0
DA:204,0
LF:63
LH:0
BRDA:10,0,0,0
BRDA:10,0,1,0
BRDA:15,1,0,0
BRDA:15,1,1,0
BRDA:26,2,0,0
BRDA:26,2,1,0
BRDA:27,3,0,0
BRDA:27,3,1,0
BRDA:60,4,0,0
BRDA:60,4,1,0
BRDA:78,5,0,0
BRDA:78,5,1,0
BRDA:91,6,0,0
BRDA:91,6,1,0
BRDA:102,7,0,0
BRDA:102,7,1,0
BRDA:163,8,0,0
BRDA:163,8,1,0
BRDA:183,9,0,0
BRDA:183,9,1,0
BRDA:184,10,0,0
BRDA:184,10,1,0
BRDA:191,11,0,0
BRDA:191,11,1,0
BRDA:191,12,0,0
BRDA:191,12,1,0
BRDA:192,13,0,0
BRDA:192,13,1,0
BRDA:192,13,2,0
BRDA:196,14,0,0
BRDA:196,14,1,0
BRDA:215,15,0,0
BRDA:215,15,1,0
BRDA:215,16,0,0
BRDA:215,16,1,0
BRDA:221,17,0,0
BRDA:221,17,1,0
BRDA:221,18,0,0
BRDA:221,18,1,0
BRDA:227,19,0,0
BRDA:227,19,1,0
BRDA:227,20,0,0
BRDA:227,20,1,0
BRDA:232,21,0,0
BRDA:232,21,1,0
BRDA:233,22,0,0
BRDA:233,22,1,0
BRDA:233,23,0,0
BRDA:233,23,1,0
BRDA:234,24,0,0
BRDA:234,24,1,0
BRDA:234,25,0,0
BRDA:234,25,1,0
BRDA:246,26,0,0
BRDA:246,26,1,0
BRDA:261,27,0,0
BRDA:261,27,1,0
BRF:57
BRH:0
end_of_record
TN:
SF:src\pages\Estudiantes.jsx
FN:9,Estudiantes
FN:28,(anonymous_1)
FN:32,(anonymous_2)
FN:51,(anonymous_3)
FN:52,(anonymous_4)
FN:62,(anonymous_5)
FN:69,(anonymous_6)
FN:72,(anonymous_7)
FN:100,(anonymous_8)
FN:122,(anonymous_9)
FN:140,(anonymous_10)
FN:159,(anonymous_11)
FN:188,(anonymous_12)
FN:220,(anonymous_13)
FN:220,(anonymous_14)
FN:225,(anonymous_15)
FN:225,(anonymous_16)
FN:231,(anonymous_17)
FN:231,(anonymous_18)
FN:236,(anonymous_19)
FN:236,(anonymous_20)
FN:242,(anonymous_21)
FN:242,(anonymous_22)
FN:272,(anonymous_23)
FN:279,(anonymous_24)
FN:322,(anonymous_25)
FN:333,(anonymous_26)
FN:333,(anonymous_27)
FN:338,(anonymous_28)
FN:338,(anonymous_29)
FN:344,(anonymous_30)
FN:344,(anonymous_31)
FN:349,(anonymous_32)
FN:349,(anonymous_33)
FN:355,(anonymous_34)
FN:355,(anonymous_35)
FNF:36
FNH:0
FNDA:0,Estudiantes
FNDA:0,(anonymous_1)
FNDA:0,(anonymous_2)
FNDA:0,(anonymous_3)
FNDA:0,(anonymous_4)
FNDA:0,(anonymous_5)
FNDA:0,(anonymous_6)
FNDA:0,(anonymous_7)
FNDA:0,(anonymous_8)
FNDA:0,(anonymous_9)
FNDA:0,(anonymous_10)
FNDA:0,(anonymous_11)
FNDA:0,(anonymous_12)
FNDA:0,(anonymous_13)
FNDA:0,(anonymous_14)
FNDA:0,(anonymous_15)
FNDA:0,(anonymous_16)
FNDA:0,(anonymous_17)
FNDA:0,(anonymous_18)
FNDA:0,(anonymous_19)
FNDA:0,(anonymous_20)
FNDA:0,(anonymous_21)
FNDA:0,(anonymous_22)
FNDA:0,(anonymous_23)
FNDA:0,(anonymous_24)
FNDA:0,(anonymous_25)
FNDA:0,(anonymous_26)
FNDA:0,(anonymous_27)
FNDA:0,(anonymous_28)
FNDA:0,(anonymous_29)
FNDA:0,(anonymous_30)
FNDA:0,(anonymous_31)
FNDA:0,(anonymous_32)
FNDA:0,(anonymous_33)
FNDA:0,(anonymous_34)
FNDA:0,(anonymous_35)
DA:7,0
DA:10,0
DA:11,0
DA:12,0
DA:13,0
DA:14,0
DA:16,0
DA:17,0
DA:18,0
DA:20,0
DA:24,0
DA:28,0
DA:32,0
DA:33,0
DA:34,0
DA:35,0
DA:37,0
DA:39,0
DA:40,0
DA:41,0
DA:43,0
DA:44,0
DA:47,0
DA:51,0
DA:52,0
DA:53,0
DA:54,0
DA:55,0
DA:57,0
DA:62,0
DA:63,0
DA:64,0
DA:66,0
DA:69,0
DA:70,0
DA:71,0
DA:72,0
DA:73,0
DA:75,0
DA:76,0
DA:77,0
DA:78,0
DA:81,0
DA:82,0
DA:83,0
DA:84,0
DA:85,0
DA:93,0
DA:94,0
DA:100,0
DA:101,0
DA:102,0
DA:104,0
DA:105,0
DA:106,0
DA:107,0
DA:110,0
DA:111,0
DA:112,0
DA:113,0
DA:114,0
DA:115,0
DA:117,0
DA:118,0
DA:122,0
DA:123,0
DA:124,0
DA:126,0
DA:127,0
DA:128,0
DA:131,0
DA:132,0
DA:133,0
DA:134,0
DA:137,0
DA:140,0
DA:141,0
DA:142,0
DA:144,0
DA:145,0
DA:146,0
DA:147,0
DA:148,0
DA:150,0
DA:151,0
DA:152,0
DA:154,0
DA:155,0
DA:159,0
DA:160,0
DA:161,0
DA:162,0
DA:164,0
DA:165,0
DA:166,0
DA:168,0
DA:169,0
DA:175,0
DA:188,0
DA:220,0
DA:225,0
DA:231,0
DA:236,0
DA:242,0
DA:273,0
DA:279,0
DA:323,0
DA:333,0
DA:338,0
DA:344,0
DA:349,0
DA:355,0
LF:112
LH:0
BRDA:32,0,0,0
BRDA:37,1,0,0
BRDA:37,1,1,0
BRDA:39,2,0,0
BRDA:39,2,1,0
BRDA:40,3,0,0
BRDA:40,3,1,0
BRDA:63,4,0,0
BRDA:63,4,1,0
BRDA:63,5,0,0
BRDA:63,5,1,0
BRDA:63,5,2,0
BRDA:71,6,0,0
BRDA:71,6,1,0
BRDA:73,7,0,0
BRDA:73,7,1,0
BRDA:75,8,0,0
BRDA:75,8,1,0
BRDA:83,9,0,0
BRDA:83,9,1,0
BRDA:86,10,0,0
BRDA:86,10,1,0
BRDA:87,11,0,0
BRDA:87,11,1,0
BRDA:88,12,0,0
BRDA:88,12,1,0
BRDA:89,13,0,0
BRDA:89,13,1,0
BRDA:90,14,0,0
BRDA:90,14,1,0
BRDA:105,15,0,0
BRDA:105,15,1,0
BRDA:126,16,0,0
BRDA:126,16,1,0
BRDA:132,17,0,0
BRDA:132,17,1,0
BRDA:146,18,0,0
BRDA:146,18,1,0
BRDA:160,19,0,0
BRDA:160,19,1,0
BRDA:183,20,0,0
BRDA:183,20,1,0
BRDA:194,21,0,0
BRDA:194,21,1,0
BRDA:198,22,0,0
BRDA:198,22,1,0
BRDA:213,23,0,0
BRDA:213,23,1,0
BRDA:214,24,0,0
BRDA:214,24,1,0
BRDA:265,25,0,0
BRDA:265,25,1,0
BRDA:269,26,0,0
BRDA:269,26,1,0
BRDA:273,27,0,0
BRDA:273,27,1,0
BRDA:298,28,0,0
BRDA:298,28,1,0
BRDA:302,29,0,0
BRDA:302,29,1,0
BRDA:303,30,0,0
BRDA:303,30,1,0
BRDA:318,31,0,0
BRDA:318,31,1,0
BRF:64
BRH:0
end_of_record
TN:
SF:src\pages\Evaluaciones.jsx
FN:9,Evaluaciones
FN:35,(anonymous_1)
FN:36,(anonymous_2)
FN:56,(anonymous_3)
FN:56,(anonymous_4)
FN:57,(anonymous_5)
FN:57,(anonymous_6)
FN:58,(anonymous_7)
FN:58,(anonymous_8)
FN:58,(anonymous_9)
FN:60,(anonymous_10)
FN:64,(anonymous_11)
FN:67,(anonymous_12)
FN:70,(anonymous_13)
FN:70,(anonymous_14)
FN:75,(anonymous_15)
FN:77,(anonymous_16)
FN:77,(anonymous_17)
FN:83,(anonymous_18)
FN:87,(anonymous_19)
FN:88,(anonymous_20)
FN:89,(anonymous_21)
FN:92,(anonymous_22)
FN:95,(anonymous_23)
FN:98,(anonymous_24)
FN:103,(anonymous_25)
FN:108,(anonymous_26)
FN:110,(anonymous_27)
FN:110,(anonymous_28)
FN:113,(anonymous_29)
FN:116,(anonymous_30)
FN:120,(anonymous_31)
FN:121,(anonymous_32)
FN:122,(anonymous_33)
FN:125,(anonymous_34)
FN:128,(anonymous_35)
FN:133,(anonymous_36)
FN:138,(anonymous_37)
FN:141,(anonymous_38)
FN:146,(anonymous_39)
FN:150,(anonymous_40)
FN:187,(anonymous_41)
FN:187,(anonymous_42)
FN:192,(anonymous_43)
FN:192,(anonymous_44)
FN:194,(anonymous_45)
FN:201,(anonymous_46)
FN:201,(anonymous_47)
FN:206,(anonymous_48)
FN:206,(anonymous_49)
FN:212,(anonymous_50)
FN:212,(anonymous_51)
FN:229,(anonymous_52)
FN:231,(anonymous_53)
FN:237,(anonymous_54)
FN:237,(anonymous_55)
FN:242,(anonymous_56)
FN:242,(anonymous_57)
FN:244,(anonymous_58)
FN:251,(anonymous_59)
FN:251,(anonymous_60)
FN:256,(anonymous_61)
FN:256,(anonymous_62)
FN:262,(anonymous_63)
FN:262,(anonymous_64)
FN:284,(anonymous_65)
FN:308,(anonymous_66)
FN:308,(anonymous_67)
FN:310,(anonymous_68)
FN:321,(anonymous_69)
FN:321,(anonymous_70)
FN:327,(anonymous_71)
FN:338,(anonymous_72)
FN:338,(anonymous_73)
FN:343,(anonymous_74)
FN:343,(anonymous_75)
FN:367,(anonymous_76)
FN:369,(anonymous_77)
FN:381,(anonymous_78)
FN:400,(anonymous_79)
FN:402,(anonymous_80)
FN:414,(anonymous_81)
FNF:82
FNH:0
FNDA:0,Evaluaciones
FNDA:0,(anonymous_1)
FNDA:0,(anonymous_2)
FNDA:0,(anonymous_3)
FNDA:0,(anonymous_4)
FNDA:0,(anonymous_5)
FNDA:0,(anonymous_6)
FNDA:0,(anonymous_7)
FNDA:0,(anonymous_8)
FNDA:0,(anonymous_9)
FNDA:0,(anonymous_10)
FNDA:0,(anonymous_11)
FNDA:0,(anonymous_12)
FNDA:0,(anonymous_13)
FNDA:0,(anonymous_14)
FNDA:0,(anonymous_15)
FNDA:0,(anonymous_16)
FNDA:0,(anonymous_17)
FNDA:0,(anonymous_18)
FNDA:0,(anonymous_19)
FNDA:0,(anonymous_20)
FNDA:0,(anonymous_21)
FNDA:0,(anonymous_22)
FNDA:0,(anonymous_23)
FNDA:0,(anonymous_24)
FNDA:0,(anonymous_25)
FNDA:0,(anonymous_26)
FNDA:0,(anonymous_27)
FNDA:0,(anonymous_28)
FNDA:0,(anonymous_29)
FNDA:0,(anonymous_30)
FNDA:0,(anonymous_31)
FNDA:0,(anonymous_32)
FNDA:0,(anonymous_33)
FNDA:0,(anonymous_34)
FNDA:0,(anonymous_35)
FNDA:0,(anonymous_36)
FNDA:0,(anonymous_37)
FNDA:0,(anonymous_38)
FNDA:0,(anonymous_39)
FNDA:0,(anonymous_40)
FNDA:0,(anonymous_41)
FNDA:0,(anonymous_42)
FNDA:0,(anonymous_43)
FNDA:0,(anonymous_44)
FNDA:0,(anonymous_45)
FNDA:0,(anonymous_46)
FNDA:0,(anonymous_47)
FNDA:0,(anonymous_48)
FNDA:0,(anonymous_49)
FNDA:0,(anonymous_50)
FNDA:0,(anonymous_51)
FNDA:0,(anonymous_52)
FNDA:0,(anonymous_53)
FNDA:0,(anonymous_54)
FNDA:0,(anonymous_55)
FNDA:0,(anonymous_56)
FNDA:0,(anonymous_57)
FNDA:0,(anonymous_58)
FNDA:0,(anonymous_59)
FNDA:0,(anonymous_60)
FNDA:0,(anonymous_61)
FNDA:0,(anonymous_62)
FNDA:0,(anonymous_63)
FNDA:0,(anonymous_64)
FNDA:0,(anonymous_65)
FNDA:0,(anonymous_66)
FNDA:0,(anonymous_67)
FNDA:0,(anonymous_68)
FNDA:0,(anonymous_69)
FNDA:0,(anonymous_70)
FNDA:0,(anonymous_71)
FNDA:0,(anonymous_72)
FNDA:0,(anonymous_73)
FNDA:0,(anonymous_74)
FNDA:0,(anonymous_75)
FNDA:0,(anonymous_76)
FNDA:0,(anonymous_77)
FNDA:0,(anonymous_78)
FNDA:0,(anonymous_79)
FNDA:0,(anonymous_80)
FNDA:0,(anonymous_81)
DA:7,0
DA:10,0
DA:11,0
DA:12,0
DA:13,0
DA:15,0
DA:18,0
DA:20,0
DA:21,0
DA:24,0
DA:26,0
DA:27,0
DA:29,0
DA:30,0
DA:31,0
DA:32,0
DA:33,0
DA:35,0
DA:36,0
DA:37,0
DA:38,0
DA:39,0
DA:44,0
DA:45,0
DA:46,0
DA:48,0
DA:50,0
DA:53,0
DA:56,0
DA:57,0
DA:58,0
DA:60,0
DA:61,0
DA:62,0
DA:63,0
DA:64,0
DA:67,0
DA:68,0
DA:69,0
DA:70,0
DA:73,0
DA:75,0
DA:77,0
DA:78,0
DA:79,0
DA:80,0
DA:83,0
DA:84,0
DA:85,0
DA:86,0
DA:88,0
DA:89,0
DA:90,0
DA:92,0
DA:95,0
DA:96,0
DA:97,0
DA:98,0
DA:99,0
DA:100,0
DA:103,0
DA:104,0
DA:105,0
DA:106,0
DA:107,0
DA:109,0
DA:110,0
DA:111,0
DA:113,0
DA:116,0
DA:117,0
DA:118,0
DA:119,0
DA:121,0
DA:122,0
DA:123,0
DA:125,0
DA:128,0
DA:129,0
DA:130,0
DA:131,0
DA:132,0
DA:134,0
DA:135,0
DA:136,0
DA:138,0
DA:141,0
DA:142,0
DA:143,0
DA:144,0
DA:145,0
DA:147,0
DA:148,0
DA:150,0
DA:153,0
DA:187,0
DA:192,0
DA:194,0
DA:201,0
DA:206,0
DA:212,0
DA:229,0
DA:231,0
DA:237,0
DA:242,0
DA:244,0
DA:251,0
DA:256,0
DA:262,0
DA:285,0
DA:308,0
DA:310,0
DA:321,0
DA:328,0
DA:338,0
DA:343,0
DA:367,0
DA:369,0
DA:382,0
DA:400,0
DA:402,0
DA:415,0
LF:122
LH:0
BRDA:61,0,0,0
BRDA:61,0,1,0
BRDA:63,1,0,0
BRDA:63,1,1,0
BRDA:68,2,0,0
BRDA:68,2,1,0
BRDA:73,3,0,0
BRDA:73,3,1,0
BRDA:80,4,0,0
BRDA:80,4,1,0
BRDA:80,5,0,0
BRDA:80,5,1,0
BRDA:80,6,0,0
BRDA:80,6,1,0
BRDA:92,7,0,0
BRDA:92,7,1,0
BRDA:99,8,0,0
BRDA:99,8,1,0
BRDA:100,9,0,0
BRDA:100,9,1,0
BRDA:106,10,0,0
BRDA:106,10,1,0
BRDA:109,11,0,0
BRDA:109,11,1,0
BRDA:110,12,0,0
BRDA:110,12,1,0
BRDA:113,13,0,0
BRDA:113,13,1,0
BRDA:125,14,0,0
BRDA:125,14,1,0
BRDA:131,15,0,0
BRDA:131,15,1,0
BRDA:144,16,0,0
BRDA:144,16,1,0
BRDA:161,17,0,0
BRDA:161,17,1,0
BRDA:165,18,0,0
BRDA:165,18,1,0
BRDA:169,19,0,0
BRDA:169,19,1,0
BRDA:181,20,0,0
BRDA:181,20,1,0
BRDA:182,21,0,0
BRDA:182,21,1,0
BRDA:220,22,0,0
BRDA:220,22,1,0
BRDA:220,22,2,0
BRDA:223,23,0,0
BRDA:223,23,1,0
BRDA:224,24,0,0
BRDA:224,24,1,0
BRDA:277,25,0,0
BRDA:277,25,1,0
BRDA:281,26,0,0
BRDA:281,26,1,0
BRDA:299,27,0,0
BRDA:299,27,1,0
BRDA:299,27,2,0
BRDA:302,28,0,0
BRDA:302,28,1,0
BRDA:303,29,0,0
BRDA:303,29,1,0
BRDA:316,30,0,0
BRDA:316,30,1,0
BRDA:323,31,0,0
BRDA:323,31,1,0
BRDA:324,32,0,0
BRDA:324,32,1,0
BRDA:329,33,0,0
BRDA:329,33,1,0
BRDA:346,34,0,0
BRDA:346,34,1,0
BRDA:357,35,0,0
BRDA:357,35,1,0
BRDA:358,36,0,0
BRDA:358,36,1,0
BRDA:378,37,0,0
BRDA:378,37,1,0
BRDA:385,38,0,0
BRDA:385,38,1,0
BRDA:411,39,0,0
BRDA:411,39,1,0
BRF:82
BRH:0
end_of_record
TN:
SF:src\pages\ForgotPassword.jsx
FN:5,ForgotPassword
FN:13,(anonymous_1)
FN:63,(anonymous_2)
FN:75,(anonymous_3)
FN:87,(anonymous_4)
FNF:5
FNH:0
FNDA:0,ForgotPassword
FNDA:0,(anonymous_1)
FNDA:0,(anonymous_2)
FNDA:0,(anonymous_3)
FNDA:0,(anonymous_4)
DA:6,0
DA:7,0
DA:8,0
DA:9,0
DA:10,0
DA:11,0
DA:13,0
DA:14,0
DA:15,0
DA:16,0
DA:17,0
DA:19,0
DA:20,0
DA:21,0
DA:22,0
DA:25,0
DA:27,0
DA:28,0
DA:29,0
DA:30,0
DA:33,0
DA:34,0
DA:35,0
DA:36,0
DA:37,0
DA:40,0
DA:63,0
DA:75,0
DA:87,0
LF:29
LH:0
BRDA:19,0,0,0
BRDA:19,0,1,0
BRDA:27,1,0,0
BRDA:27,1,1,0
BRDA:52,2,0,0
BRDA:52,2,1,0
BRDA:53,3,0,0
BRDA:53,3,1,0
BRDA:93,4,0,0
BRDA:93,4,1,0
BRF:10
BRH:0
end_of_record
TN:
SF:src\pages\Login.jsx
FN:7,Login
FN:25,(anonymous_1)
FN:106,(anonymous_2)
FNF:3
FNH:2
FNDA:159,Login
FNDA:7,(anonymous_1)
FNDA:0,(anonymous_2)
DA:8,159
DA:9,159
DA:10,159
DA:14,159
DA:19,159
DA:25,159
DA:26,7
DA:27,7
DA:29,7
DA:34,7
DA:36,3
DA:38,3
DA:40,3
DA:41,2
DA:42,2
DA:43,2
DA:46,1
DA:47,1
DA:50,159
DA:106,0
LF:20
LH:19
BRDA:34,0,0,4
BRDA:34,0,1,3
BRDA:40,1,0,2
BRDA:40,1,1,1
BRDA:72,2,0,159
BRDA:72,2,1,2
BRDA:80,3,0,29
BRDA:80,3,1,130
BRDA:80,4,0,159
BRDA:80,4,1,63
BRDA:93,5,0,4
BRDA:93,5,1,155
BRDA:93,6,0,159
BRDA:93,6,1,8
BRDA:112,7,0,0
BRDA:112,7,1,159
BRF:16
BRH:15
end_of_record
TN:
SF:src\pages\NotFound.jsx
FN:9,NotFound
FNF:1
FNH:0
FNDA:0,NotFound
DA:10,0
LF:1
LH:0
BRF:0
BRH:0
end_of_record
TN:
SF:src\pages\Register.jsx
FN:7,Register
FN:34,(anonymous_1)
FNF:2
FNH:2
FNDA:227,Register
FNDA:5,(anonymous_1)
DA:8,227
DA:9,227
DA:13,227
DA:17,227
DA:22,227
DA:27,227
DA:34,227
DA:35,5
DA:36,5
DA:39,5
DA:46,5
DA:48,4
DA:50,4
DA:56,4
DA:57,1
DA:58,1
DA:59,1
DA:62,3
DA:63,3
DA:64,3
DA:65,3
DA:66,3
DA:67,3
DA:70,227
LF:24
LH:24
BRDA:46,0,0,1
BRDA:46,0,1,4
BRDA:56,1,0,1
BRDA:56,1,1,3
BRDA:82,2,0,227
BRDA:82,2,1,1
BRDA:83,3,0,227
BRDA:83,3,1,3
BRDA:91,4,0,1
BRDA:91,4,1,226
BRDA:91,5,0,227
BRDA:91,5,1,138
BRDA:104,6,0,2
BRDA:104,6,1,225
BRDA:104,7,0,227
BRDA:104,7,1,75
BRDA:117,8,0,2
BRDA:117,8,1,225
BRDA:117,9,0,227
BRDA:117,9,1,50
BRDA:130,10,0,2
BRDA:130,10,1,225
BRDA:130,11,0,227
BRDA:130,11,1,3
BRDA:140,12,0,0
BRDA:140,12,1,227
BRF:26
BRH:25
end_of_record
TN:
SF:src\services\attendanceMockService.js
FN:30,(anonymous_0)
FN:47,(anonymous_1)
FN:65,(anonymous_2)
FN:67,(anonymous_3)
FN:68,(anonymous_4)
FN:74,(anonymous_5)
FN:78,(anonymous_6)
FN:79,(anonymous_7)
FN:83,(anonymous_8)
FN:83,(anonymous_9)
FN:83,(anonymous_10)
FN:85,(anonymous_11)
FN:91,(anonymous_12)
FN:98,listClasses
FN:102,createClass
FN:120,listAttendanceRecords
FN:125,createAttendanceRecord
FN:135,(anonymous_17)
FN:140,(anonymous_18)
FN:154,(anonymous_19)
FN:178,listAttendanceByStudent
FN:180,(anonymous_21)
FN:184,listAttendanceByCourse
FN:189,(anonymous_23)
FN:190,(anonymous_24)
FN:192,(anonymous_25)
FNF:26
FNH:0
FNDA:0,(anonymous_0)
FNDA:0,(anonymous_1)
FNDA:0,(anonymous_2)
FNDA:0,(anonymous_3)
FNDA:0,(anonymous_4)
FNDA:0,(anonymous_5)
FNDA:0,(anonymous_6)
FNDA:0,(anonymous_7)
FNDA:0,(anonymous_8)
FNDA:0,(anonymous_9)
FNDA:0,(anonymous_10)
FNDA:0,(anonymous_11)
FNDA:0,(anonymous_12)
FNDA:0,listClasses
FNDA:0,createClass
FNDA:0,listAttendanceRecords
FNDA:0,createAttendanceRecord
FNDA:0,(anonymous_17)
FNDA:0,(anonymous_18)
FNDA:0,(anonymous_19)
FNDA:0,listAttendanceByStudent
FNDA:0,(anonymous_21)
FNDA:0,listAttendanceByCourse
FNDA:0,(anonymous_23)
FNDA:0,(anonymous_24)
FNDA:0,(anonymous_25)
DA:1,0
DA:2,0
DA:3,0
DA:5,0
DA:11,0
DA:28,0
DA:30,0
DA:31,0
DA:32,0
DA:34,0
DA:35,0
DA:36,0
DA:39,0
DA:40,0
DA:42,0
DA:43,0
DA:47,0
DA:48,0
DA:50,0
DA:51,0
DA:54,0
DA:55,0
DA:58,0
DA:59,0
DA:62,0
DA:65,0
DA:67,0
DA:68,0
DA:74,0
DA:75,0
DA:78,0
DA:79,0
DA:80,0
DA:83,0
DA:85,0
DA:86,0
DA:87,0
DA:91,0
DA:92,0
DA:93,0
DA:97,0
DA:99,0
DA:103,0
DA:104,0
DA:106,0
DA:114,0
DA:115,0
DA:117,0
DA:121,0
DA:122,0
DA:126,0
DA:127,0
DA:128,0
DA:129,0
DA:131,0
DA:132,0
DA:133,0
DA:135,0
DA:136,0
DA:137,0
DA:140,0
DA:141,0
DA:142,0
DA:145,0
DA:146,0
DA:149,0
DA:150,0
DA:151,0
DA:154,0
DA:155,0
DA:158,0
DA:159,0
DA:162,0
DA:172,0
DA:173,0
DA:175,0
DA:179,0
DA:180,0
DA:181,0
DA:185,0
DA:186,0
DA:188,0
DA:189,0
DA:190,0
DA:192,0
DA:193,0
LF:86
LH:0
BRDA:34,0,0,0
BRDA:34,0,1,0
BRDA:40,1,0,0
BRDA:40,1,1,0
BRDA:48,2,0,0
BRDA:48,2,1,0
BRDA:50,3,0,0
BRDA:50,3,1,0
BRDA:54,4,0,0
BRDA:54,4,1,0
BRDA:58,5,0,0
BRDA:58,5,1,0
BRDA:79,6,0,0
BRDA:79,6,1,0
BRDA:86,7,0,0
BRDA:86,7,1,0
BRDA:86,8,0,0
BRDA:86,8,1,0
BRDA:86,8,2,0
BRDA:86,8,3,0
BRDA:92,9,0,0
BRDA:92,9,1,0
BRDA:92,10,0,0
BRDA:92,10,1,0
BRDA:92,10,2,0
BRDA:136,11,0,0
BRDA:136,11,1,0
BRDA:141,12,0,0
BRDA:141,12,1,0
BRDA:145,13,0,0
BRDA:145,13,1,0
BRDA:150,14,0,0
BRDA:150,14,1,0
BRDA:155,15,0,0
BRDA:155,15,1,0
BRDA:158,16,0,0
BRDA:158,16,1,0
BRDA:168,17,0,0
BRDA:168,17,1,0
BRDA:186,18,0,0
BRDA:186,18,1,0
BRF:41
BRH:0
end_of_record
TN:
SF:src\services\attendanceService.js
FN:13,listClasses
FN:32,createClass
FN:60,listAttendanceRecords
FN:79,createAttendanceRecord
FN:137,listAttendanceByStudent
FN:154,listAttendanceByCourse
FN:170,getAttendanceStats
FN:186,getAtrasos
FNF:8
FNH:0
FNDA:0,listClasses
FNDA:0,createClass
FNDA:0,listAttendanceRecords
FNDA:0,createAttendanceRecord
FNDA:0,listAttendanceByStudent
FNDA:0,listAttendanceByCourse
FNDA:0,getAttendanceStats
FNDA:0,getAtrasos
DA:8,0
DA:14,0
DA:15,0
DA:16,0
DA:18,0
DA:23,0
DA:33,0
DA:34,0
DA:35,0
DA:38,0
DA:40,0
DA:46,0
DA:48,0
DA:53,0
DA:61,0
DA:62,0
DA:63,0
DA:65,0
DA:70,0
DA:80,0
DA:82,0
DA:83,0
DA:87,0
DA:95,0
DA:97,0
DA:103,0
DA:106,0
DA:113,0
DA:116,0
DA:117,0
DA:118,0
DA:119,0
DA:120,0
DA:121,0
DA:122,0
DA:123,0
DA:124,0
DA:126,0
DA:127,0
DA:130,0
DA:138,0
DA:139,0
DA:140,0
DA:142,0
DA:147,0
DA:155,0
DA:156,0
DA:157,0
DA:159,0
DA:163,0
DA:171,0
DA:172,0
DA:173,0
DA:175,0
DA:179,0
DA:187,0
DA:188,0
DA:191,0
DA:193,0
DA:198,0
LF:60
LH:0
BRDA:16,0,0,0
BRDA:16,0,1,0
BRDA:34,1,0,0
BRDA:34,1,1,0
BRDA:34,2,0,0
BRDA:34,2,1,0
BRDA:34,2,2,0
BRDA:51,3,0,0
BRDA:51,3,1,0
BRDA:63,4,0,0
BRDA:63,4,1,0
BRDA:82,5,0,0
BRDA:82,5,1,0
BRDA:82,6,0,0
BRDA:82,6,1,0
BRDA:82,6,2,0
BRDA:91,7,0,0
BRDA:91,7,1,0
BRDA:110,8,0,0
BRDA:110,8,1,0
BRDA:116,9,0,0
BRDA:116,9,1,0
BRDA:119,10,0,0
BRDA:119,10,1,0
BRDA:122,11,0,0
BRDA:122,11,1,0
BRDA:123,12,0,0
BRDA:123,12,1,0
BRDA:140,13,0,0
BRDA:140,13,1,0
BRDA:157,14,0,0
BRDA:157,14,1,0
BRDA:173,15,0,0
BRDA:173,15,1,0
BRDA:186,16,0,0
BRDA:191,17,0,0
BRDA:191,17,1,0
BRF:37
BRH:0
end_of_record
TN:
SF:src\services\authMockService.js
FN:23,(anonymous_0)
FN:34,(anonymous_1)
FN:38,(anonymous_2)
FN:40,(anonymous_3)
FN:41,(anonymous_4)
FN:42,(anonymous_5)
FN:44,(anonymous_6)
FN:62,(anonymous_7)
FN:66,(anonymous_8)
FN:79,(anonymous_9)
FN:98,(anonymous_10)
FN:111,(anonymous_11)
FN:127,(anonymous_12)
FN:139,(anonymous_13)
FNF:14
FNH:14
FNDA:43,(anonymous_0)
FNDA:24,(anonymous_1)
FNDA:228,(anonymous_2)
FNDA:82,(anonymous_3)
FNDA:11,(anonymous_4)
FNDA:9,(anonymous_5)
FNDA:80,(anonymous_6)
FNDA:41,(anonymous_7)
FNDA:27,(anonymous_8)
FNDA:3,(anonymous_9)
FNDA:12,(anonymous_10)
FNDA:8,(anonymous_11)
FNDA:6,(anonymous_12)
FNDA:3,(anonymous_13)
DA:1,3
DA:3,3
DA:4,3
DA:5,3
DA:7,3
DA:13,3
DA:23,3
DA:24,43
DA:25,43
DA:26,43
DA:27,43
DA:29,0
DA:30,0
DA:34,3
DA:35,24
DA:38,228
DA:40,82
DA:41,11
DA:42,9
DA:44,3
DA:45,80
DA:47,80
DA:48,71
DA:51,9
DA:52,2
DA:55,7
DA:56,2
DA:59,5
DA:62,3
DA:63,41
DA:66,3
DA:67,27
DA:68,27
DA:69,27
DA:71,27
DA:72,2
DA:75,25
DA:76,1
DA:79,24
DA:80,24
DA:81,3
DA:84,21
DA:91,21
DA:92,21
DA:98,3
DA:99,12
DA:100,12
DA:102,12
DA:103,1
DA:106,11
DA:107,1
DA:110,10
DA:111,10
DA:113,10
DA:114,2
DA:117,8
DA:118,3
DA:121,5
DA:127,3
DA:128,6
DA:129,6
DA:131,6
DA:132,1
DA:135,5
DA:136,1
DA:139,4
DA:140,4
DA:141,1
DA:144,3
DA:145,3
DA:150,3
DA:151,3
LF:72
LH:70
BRDA:26,0,0,15
BRDA:26,0,1,28
BRDA:27,1,0,43
BRDA:27,1,1,0
BRDA:47,2,0,71
BRDA:47,2,1,9
BRDA:51,3,0,2
BRDA:51,3,1,7
BRDA:55,4,0,2
BRDA:55,4,1,5
BRDA:71,5,0,2
BRDA:71,5,1,25
BRDA:71,6,0,27
BRDA:71,6,1,26
BRDA:71,6,2,26
BRDA:75,7,0,1
BRDA:75,7,1,24
BRDA:80,8,0,3
BRDA:80,8,1,21
BRDA:102,9,0,1
BRDA:102,9,1,11
BRDA:102,10,0,12
BRDA:102,10,1,12
BRDA:106,11,0,1
BRDA:106,11,1,10
BRDA:113,12,0,2
BRDA:113,12,1,8
BRDA:117,13,0,3
BRDA:117,13,1,5
BRDA:123,14,0,5
BRDA:123,14,1,0
BRDA:123,14,2,0
BRDA:131,15,0,1
BRDA:131,15,1,5
BRDA:131,16,0,6
BRDA:131,16,1,6
BRDA:135,17,0,1
BRDA:135,17,1,4
BRDA:140,18,0,1
BRDA:140,18,1,3
BRF:40
BRH:37
end_of_record
TN:
SF:src\services\bffClient.js
FN:15,(anonymous_0)
FN:22,(anonymous_1)
FN:34,(anonymous_2)
FN:41,listStudents
FN:46,createStudent
FN:52,getStudentById
FN:57,updateStudent
FN:63,listStudentCourses
FNF:8
FNH:0
FNDA:0,(anonymous_0)
FNDA:0,(anonymous_1)
FNDA:0,(anonymous_2)
FNDA:0,listStudents
FNDA:0,createStudent
FNDA:0,getStudentById
FNDA:0,updateStudent
FNDA:0,listStudentCourses
DA:5,0
DA:7,0
DA:15,0
DA:22,0
DA:33,0
DA:34,0
DA:35,0
DA:36,0
DA:40,0
DA:42,0
DA:43,0
DA:47,0
DA:48,0
DA:49,0
DA:53,0
DA:54,0
DA:58,0
DA:59,0
DA:60,0
DA:64,0
DA:65,0
LF:21
LH:0
BRDA:5,0,0,0
BRDA:5,0,1,0
BRDA:17,1,0,0
BRDA:17,1,1,0
BRDA:18,2,0,0
BRDA:18,2,1,0
BRDA:18,2,2,0
BRDA:19,3,0,0
BRDA:19,3,1,0
BRDA:19,3,2,0
BRDA:26,4,0,0
BRDA:26,4,1,0
BRDA:28,5,0,0
BRDA:28,5,1,0
BRDA:29,6,0,0
BRDA:29,6,1,0
BRDA:43,7,0,0
BRDA:43,7,1,0
BRDA:54,8,0,0
BRDA:54,8,1,0
BRDA:60,9,0,0
BRDA:60,9,1,0
BRDA:65,10,0,0
BRDA:65,10,1,0
BRF:24
BRH:0
end_of_record
TN:
SF:src\services\evaluationsMockService.js
FN:18,(anonymous_0)
FN:35,(anonymous_1)
FN:39,(anonymous_2)
FN:40,(anonymous_3)
FN:44,(anonymous_4)
FN:44,(anonymous_5)
FN:44,(anonymous_6)
FN:46,(anonymous_7)
FN:57,(anonymous_8)
FN:63,(anonymous_9)
FN:80,(anonymous_10)
FN:100,listEvaluations
FN:104,createEvaluation
FN:123,updateEvaluation
FN:126,(anonymous_14)
FN:148,listEvaluationsByCourse
FN:150,(anonymous_16)
FN:154,listGrades
FN:158,createGrade
FN:165,(anonymous_19)
FN:170,(anonymous_20)
FN:194,listGradesByStudent
FN:196,(anonymous_22)
FNF:23
FNH:0
FNDA:0,(anonymous_0)
FNDA:0,(anonymous_1)
FNDA:0,(anonymous_2)
FNDA:0,(anonymous_3)
FNDA:0,(anonymous_4)
FNDA:0,(anonymous_5)
FNDA:0,(anonymous_6)
FNDA:0,(anonymous_7)
FNDA:0,(anonymous_8)
FNDA:0,(anonymous_9)
FNDA:0,(anonymous_10)
FNDA:0,listEvaluations
FNDA:0,createEvaluation
FNDA:0,updateEvaluation
FNDA:0,(anonymous_14)
FNDA:0,listEvaluationsByCourse
FNDA:0,(anonymous_16)
FNDA:0,listGrades
FNDA:0,createGrade
FNDA:0,(anonymous_19)
FNDA:0,(anonymous_20)
FNDA:0,listGradesByStudent
FNDA:0,(anonymous_22)
DA:1,0
DA:2,0
DA:3,0
DA:5,0
DA:16,0
DA:18,0
DA:19,0
DA:20,0
DA:22,0
DA:23,0
DA:24,0
DA:27,0
DA:28,0
DA:30,0
DA:31,0
DA:35,0
DA:36,0
DA:39,0
DA:40,0
DA:41,0
DA:44,0
DA:46,0
DA:47,0
DA:48,0
DA:51,0
DA:52,0
DA:53,0
DA:56,0
DA:57,0
DA:58,0
DA:59,0
DA:63,0
DA:64,0
DA:65,0
DA:68,0
DA:69,0
DA:70,0
DA:80,0
DA:81,0
DA:82,0
DA:83,0
DA:87,0
DA:88,0
DA:93,0
DA:96,0
DA:99,0
DA:101,0
DA:105,0
DA:106,0
DA:108,0
DA:117,0
DA:118,0
DA:120,0
DA:124,0
DA:125,0
DA:126,0
DA:128,0
DA:129,0
DA:132,0
DA:141,0
DA:142,0
DA:143,0
DA:145,0
DA:149,0
DA:150,0
DA:151,0
DA:155,0
DA:159,0
DA:161,0
DA:162,0
DA:163,0
DA:165,0
DA:166,0
DA:167,0
DA:170,0
DA:171,0
DA:172,0
DA:175,0
DA:176,0
DA:179,0
DA:188,0
DA:189,0
DA:191,0
DA:195,0
DA:196,0
DA:197,0
LF:86
LH:0
BRDA:22,0,0,0
BRDA:22,0,1,0
BRDA:28,1,0,0
BRDA:28,1,1,0
BRDA:40,2,0,0
BRDA:40,2,1,0
BRDA:47,3,0,0
BRDA:47,3,1,0
BRDA:47,4,0,0
BRDA:47,4,1,0
BRDA:47,4,2,0
BRDA:52,5,0,0
BRDA:52,5,1,0
BRDA:52,6,0,0
BRDA:52,6,1,0
BRDA:52,6,2,0
BRDA:58,7,0,0
BRDA:58,7,1,0
BRDA:64,8,0,0
BRDA:64,8,1,0
BRDA:64,9,0,0
BRDA:64,9,1,0
BRDA:64,9,2,0
BRDA:64,9,3,0
BRDA:64,9,4,0
BRDA:69,10,0,0
BRDA:69,10,1,0
BRDA:69,11,0,0
BRDA:69,11,1,0
BRDA:69,11,2,0
BRDA:82,12,0,0
BRDA:82,12,1,0
BRDA:82,13,0,0
BRDA:82,13,1,0
BRDA:82,13,2,0
BRDA:87,14,0,0
BRDA:87,14,1,0
BRDA:114,15,0,0
BRDA:114,15,1,0
BRDA:128,16,0,0
BRDA:128,16,1,0
BRDA:138,17,0,0
BRDA:138,17,1,0
BRDA:166,18,0,0
BRDA:166,18,1,0
BRDA:171,19,0,0
BRDA:171,19,1,0
BRDA:175,20,0,0
BRDA:175,20,1,0
BRDA:184,21,0,0
BRDA:184,21,1,0
BRF:51
BRH:0
end_of_record
TN:
SF:src\services\studentsMockService.js
FN:22,(anonymous_0)
FN:39,(anonymous_1)
FN:43,(anonymous_2)
FN:44,(anonymous_3)
FN:47,(anonymous_4)
FN:54,(anonymous_5)
FN:57,(anonymous_6)
FN:61,(anonymous_7)
FN:61,(anonymous_8)
FN:61,(anonymous_9)
FN:63,(anonymous_10)
FN:77,listStudents
FN:81,createStudent
FN:99,getStudentById
FN:101,(anonymous_14)
FN:105,updateStudent
FN:107,(anonymous_16)
FN:131,listStudentCourses
FNF:18
FNH:0
FNDA:0,(anonymous_0)
FNDA:0,(anonymous_1)
FNDA:0,(anonymous_2)
FNDA:0,(anonymous_3)
FNDA:0,(anonymous_4)
FNDA:0,(anonymous_5)
FNDA:0,(anonymous_6)
FNDA:0,(anonymous_7)
FNDA:0,(anonymous_8)
FNDA:0,(anonymous_9)
FNDA:0,(anonymous_10)
FNDA:0,listStudents
FNDA:0,createStudent
FNDA:0,getStudentById
FNDA:0,(anonymous_14)
FNDA:0,updateStudent
FNDA:0,(anonymous_16)
FNDA:0,listStudentCourses
DA:1,0
DA:3,0
DA:22,0
DA:23,0
DA:24,0
DA:26,0
DA:27,0
DA:28,0
DA:31,0
DA:32,0
DA:34,0
DA:35,0
DA:39,0
DA:40,0
DA:43,0
DA:44,0
DA:45,0
DA:47,0
DA:48,0
DA:51,0
DA:54,0
DA:55,0
DA:57,0
DA:61,0
DA:63,0
DA:64,0
DA:65,0
DA:67,0
DA:68,0
DA:76,0
DA:78,0
DA:82,0
DA:83,0
DA:85,0
DA:94,0
DA:95,0
DA:96,0
DA:100,0
DA:101,0
DA:102,0
DA:106,0
DA:107,0
DA:109,0
DA:110,0
DA:113,0
DA:115,0
DA:124,0
DA:125,0
DA:126,0
DA:128,0
DA:132,0
DA:133,0
LF:52
LH:0
BRDA:26,0,0,0
BRDA:26,0,1,0
BRDA:32,1,0,0
BRDA:32,1,1,0
BRDA:44,2,0,0
BRDA:44,2,1,0
BRDA:64,3,0,0
BRDA:64,3,1,0
BRDA:65,4,0,0
BRDA:65,4,1,0
BRDA:67,5,0,0
BRDA:67,5,1,0
BRDA:67,6,0,0
BRDA:67,6,1,0
BRDA:101,7,0,0
BRDA:101,7,1,0
BRDA:109,8,0,0
BRDA:109,8,1,0
BRDA:133,9,0,0
BRDA:133,9,1,0
BRF:20
BRH:0
end_of_record
